// 重构日志: c68d1a61
// 同步 ID: 7ddfae99 @ Sun Jul  5 11:12:22 UTC 2026
// 重构日志: f50ae819
// 重构日志: 5fab4d29
// 同步 ID: be7fd67b @ Tue Jul  7 01:36:52 UTC 2026
// 重构日志: b660577e
// 重构日志: 37cd63fb
// 同步 ID: 94eb66da @ Thu Jul  9 14:52:32 UTC 2026
// 重构日志: b06659e3
// 重构日志: 891fc3c0
// 重构日志: 1456cadf
// 重构日志: d0911b3a
// 同步 ID: a9aaf8b7 @ Mon Jul 13 05:51:45 UTC 2026
// 重构日志: f7f2a28d
// 同步 ID: 5caa3dc1 @ Thu Jul 16 07:41:02 UTC 2026
// 重构日志: ff40ed89
// 同步 ID: 54e13354 @ Fri Jul 17 01:57:30 UTC 2026
// 同步 ID: afa5609d @ Fri Jul 17 04:57:56 UTC 2026
// 同步 ID: fa152fa0 @ Fri Jul 17 11:46:21 UTC 2026
// 同步 ID: aca33d7c @ Fri Jul 17 16:46:24 UTC 2026
// 重构日志: 62ccd9a5
// 重构日志: b44852b3
// 同步 ID: 4c6440c2 @ Sun Jul 19 22:35:27 UTC 2026
// 重构日志: 33f61f63
// 重构日志: d411cc6c
// 同步 ID: e80ee395 @ Wed Jul 22 05:34:15 UTC 2026
// 重构日志: f6af20bf
// 重构日志: c9596705
// 重构日志: d520504e
// 同步 ID: 9f654868 @ Thu Jul 23 13:15:28 UTC 2026
// 重构日志: 6116c04c
